--------------------------------------------------------------------------
[[45387,1],0]: A high-performance Open MPI point-to-point messaging module
was unable to find any relevant network interfaces:

Module: OpenFabrics (openib)
  Host: pcsgs02

Another transport will be used instead, although this may result in
lower performance.

NOTE: You can disable this warning by setting the MCA parameter
btl_base_warn_component_unused to 0.
--------------------------------------------------------------------------
This is opendihu 1.2, built Feb 18 2021, C++ 201402, GCC 10.2.0, current time: 2021/6/8 17:50:42, hostname: pcsgs02, n ranks: 1
Open MPI v3.1.6, package: Open MPI maierbn@sgscl1 Distribution, ident: 3.1.6, repo rev: v3.1.6, Mar 18, 2020
File "../../../settings_fibers_fat_emg.py" loaded.
---------------------------------------- begin python output ----------------------------------------
Loading variables from "20mus.py".
scenario_name: 20mus, n_subdomains: 1 1 1,  n_ranks: 1,  end_time: 80.0
dt_0D:           99.0e-03, diffusion_solver_type:      cg
dt_1D:           1.5e-03, potential_flow_solver_type: gmres
dt_splitting:    3.0e-03, emg_solver_type:            cg, emg_initial_guess_nonzero: False
dt_3D:           1.0e+00, paraview_output: True
output_timestep: 1.0e+03  stimulation_frequency: 0.1 1/ms = 100.0 Hz
fast_monodomain_solver_optimizations: True, use_vc: True
fiber_file:              ../../../input/fibers49x49.bin
fat_mesh_file:           ../../../input/fibers49x49.bin_fat.bin
cellml_file:             ../../../input/hodgkin_huxley_1952.c
fiber_distribution_file: ../../../input/MU_fiber_distribution_49x49.filled.txt
firing_times_file:       ../../../input/MU_firing_times_real.firstMUs.txt
********************************************************************************
prefactor: sigma_eff/(Am*Cm) = 0.0132 = 3.828 / (500.0*0.58)
n fibers:              2401 (49 x 49)
n points per fiber:    1481
1 rank, partitioning: x1 x y1 x z1
49 x 49 = 2401 fibers, per partition: 49 x 49 = 2401
per fiber: 1D mesh    nodes global: 1481, local: 1481
  sampling 3D mesh with stride 2 x 2 x 50 
    linear 3D mesh    nodes global: 25 x 25 x 31 = 19375, local: 25 x 25 x 31 = 19375
    linear 3D mesh elements global: 24 x 24 x 30 = 17280, local: 24 x 24 x 30 = 17280
number of degrees of freedom:
                    1D fiber:       1481  (per process: 1481)
            0D-1D monodomain:       5924  (per process: 5924)
 all fibers 0D-1D monodomain:   14223524  (per process: 14223524)
                 3D bidomain:      19375  (per process: 19375)
                       total:   14242899  (per process: 14242899)
    fat mesh, n points total:    7595 (49 x 5 x 31), (per process: 49 x 5 x 31 = 7595)
Debugging output about fiber firing: Taking input from file "../../../input/MU_firing_times_real.firstMUs.txt"
Note: break after 1700/2401 fibers (71%) because it already took 100.969s
First stimulation times
    Time  MU fibers
    0.00   8 [1568, 1584]
    0.00  15 [392, 424, 440]
   10.00   0 [0]
   10.00   2 [40]
   10.00   4 [16]
   10.00  17 [400, 1184, 1216]
   10.00  19 [1192, 1208, 1224]
   20.00  12 [1616]
   40.00   6 [792]
   50.01  16 [32, 48, 784, 800, 816, 832, 1600]
   70.01  13 [416, 1200]
   70.01  14 [8, 24, 808]
   80.01   9 [432]
  110.01  11 [408, 1176]
  510.05  10 [1608]
  700.07  18 [824, 1576, 1592]
stimulated MUs: 16, not stimulated MUs: 0
duration of assembling this list: 100.970 s

Python config parsed in 102.7s.
----------------------------------------- end python output -----------------------------------------
